INFO  2023-02-11T08:38:39.966 ThreadId(14) [1P:op-settings/src/store/json_store.rs:117] Settings file "/home/$USER/.config/1Password/settings/settings.json" missing, using defaults.
INFO  2023-02-11T08:38:39.973 ThreadId(14) [client:typescript] Client starting.
ERROR 2023-02-11T08:38:40.101 ThreadId(14) [1P:ffi/op-core-node/src/lib.rs:776] Failed to load crash reports from disk: Os { code: 2, kind: NotFound, message: "No such file or directory" }
INFO  2023-02-11T08:38:40.106 tokio-runtime-worker(ThreadId(10)) [1P:native-messaging/op-native-core-integration/src/lib.rs:281] Starting IPC listener on 1Password-BrowserSupport
INFO  2023-02-11T08:38:40.107 tokio-runtime-worker(ThreadId(10)) [1P:native-messaging/op-native-core-integration/src/lib.rs:293] Active native core integration is awaiting messages
INFO  2023-02-11T08:38:40.107 ThreadId(14) [1P:op-localization/src/lib.rs:248] system locale detected as 'en-GB'
INFO  2023-02-11T08:38:40.107 ThreadId(14) [1P:op-localization/src/lib.rs:274] selected translations for EN_US based on detected locale en-GB
INFO  2023-02-11T08:38:40.107 ThreadId(14) [status:op-app/src/app.rs:409] App::new(1Password for Linux/80914009 (EN_US), /home/$USER/.config/1Password/1password.sqlite)
INFO  2023-02-11T08:38:40.114 ThreadId(14) [1P:op-db/src/db.rs:121] Starting DB at version: 0
INFO  2023-02-11T08:38:40.114 ThreadId(14) [1P:op-db/src/db.rs:129] Database is being created at '/home/$USER/.config/1Password/1password.sqlite' (sqlite: 3035004)
INFO  2023-02-11T08:38:40.119 ThreadId(14) [1P:op-db/src/db.rs:398] Updated DB Schema to version 001
INFO  2023-02-11T08:38:40.123 ThreadId(14) [1P:op-db/src/db.rs:419] Updated DB Schema to version 002
INFO  2023-02-11T08:38:40.127 ThreadId(14) [1P:op-db/src/db.rs:430] Updated DB Schema to version 003
INFO  2023-02-11T08:38:40.130 ThreadId(14) [1P:op-db/src/db.rs:445] Updated DB Schema to version 005
INFO  2023-02-11T08:38:40.134 ThreadId(14) [1P:op-db/src/db.rs:460] Updated DB Schema to version 006
INFO  2023-02-11T08:38:40.137 ThreadId(14) [1P:op-db/src/db.rs:473] Updated DB Schema to version 007
INFO  2023-02-11T08:38:40.140 ThreadId(14) [1P:op-db/src/db.rs:486] Updated DB Schema to version 008
INFO  2023-02-11T08:38:40.144 ThreadId(14) [1P:op-db/src/db.rs:499] Updated DB Schema to version 009
INFO  2023-02-11T08:38:40.147 ThreadId(14) [1P:op-db/src/db.rs:512] Updated DB Schema to version 011
INFO  2023-02-11T08:38:40.147 ThreadId(14) [1P:op-db/src/db.rs:526] Updated DB Schema to version 012
INFO  2023-02-11T08:38:40.150 ThreadId(14) [1P:op-db/src/db.rs:539] Updated DB Schema to version 013
INFO  2023-02-11T08:38:40.154 ThreadId(14) [1P:op-db/src/db.rs:552] Updated DB Schema to version 014
INFO  2023-02-11T08:38:40.157 ThreadId(14) [1P:op-db/src/db.rs:565] Updated DB Schema to version 015
INFO  2023-02-11T08:38:40.161 ThreadId(14) [1P:op-db/src/db.rs:578] Updated DB Schema to version 016
INFO  2023-02-11T08:38:40.165 ThreadId(14) [1P:op-db/src/db.rs:591] Updated DB Schema to version 017
INFO  2023-02-11T08:38:40.170 ThreadId(14) [1P:op-db/src/db.rs:604] Updated DB Schema to version 018
INFO  2023-02-11T08:38:40.175 ThreadId(14) [1P:op-db/src/db.rs:617] Updated DB Schema to version 019
INFO  2023-02-11T08:38:40.182 ThreadId(14) [1P:op-db/src/db.rs:729] Updated DB Schema to version 021
INFO  2023-02-11T08:38:40.185 ThreadId(14) [1P:op-db/src/db.rs:742] Updated DB Schema to version 022
INFO  2023-02-11T08:38:40.189 ThreadId(14) [1P:op-db/src/db.rs:755] Updated DB Schema to version 023
INFO  2023-02-11T08:38:40.192 ThreadId(14) [1P:op-db/src/db.rs:768] Updated DB Schema to version 024
INFO  2023-02-11T08:38:40.197 ThreadId(14) [1P:op-db/src/db.rs:781] Updated DB Schema to version 025
INFO  2023-02-11T08:38:40.201 ThreadId(14) [1P:op-db/src/db.rs:894] Updated DB Schema to version 026
ERROR 2023-02-11T08:38:40.214 ThreadId(14) [1P:ssh/op-ssh-config/src/lib.rs:153] Could not open ssh config file in ~/.ssh/config
ERROR 2023-02-11T08:38:40.214 ThreadId(14) [1P:ffi/op-core-node/src/lib.rs:65] Attempted to notify uninitialized App
ERROR 2023-02-11T08:38:40.214 ThreadId(14) [1P:ffi/op-core-node/src/lib.rs:65] Attempted to notify uninitialized App
ERROR 2023-02-11T08:38:40.214 ThreadId(14) [1P:/builds/dev/core/core/ssh/op-ssh-config/src/lib.rs:140] Failed to start ssh config file watcher: Io(Os { code: 2, kind: NotFound, message: "No such file or directory" })
INFO  2023-02-11T08:38:40.221 op_executor:invocation_loop(ThreadId(21)) [1P:native-messaging/op-nm-installer/src/nix_utils.rs:48] Creating manifest directory for Chromium at /home/$USER/.config/google-chrome/NativeMessagingHosts
INFO  2023-02-11T08:38:40.221 op_executor:invocation_loop(ThreadId(21)) [1P:native-messaging/op-nm-installer/src/nix_utils.rs:68] Created NMH manifest at /home/$USER/.config/google-chrome/NativeMessagingHosts/com.1password.1password.json
INFO  2023-02-11T08:38:40.221 op_executor:invocation_loop(ThreadId(21)) [1P:native-messaging/op-nm-installer/src/nix_utils.rs:48] Creating manifest directory for Chromium at /home/$USER/.config/google-chrome-beta/NativeMessagingHosts
INFO  2023-02-11T08:38:40.221 op_executor:invocation_loop(ThreadId(21)) [1P:native-messaging/op-nm-installer/src/nix_utils.rs:68] Created NMH manifest at /home/$USER/.config/google-chrome-beta/NativeMessagingHosts/com.1password.1password.json
INFO  2023-02-11T08:38:40.221 op_executor:invocation_loop(ThreadId(21)) [1P:native-messaging/op-nm-installer/src/nix_utils.rs:48] Creating manifest directory for Chromium at /home/$USER/.config/google-chrome-unstable/NativeMessagingHosts
INFO  2023-02-11T08:38:40.221 op_executor:invocation_loop(ThreadId(21)) [1P:native-messaging/op-nm-installer/src/nix_utils.rs:68] Created NMH manifest at /home/$USER/.config/google-chrome-unstable/NativeMessagingHosts/com.1password.1password.json
INFO  2023-02-11T08:38:40.221 op_executor:invocation_loop(ThreadId(21)) [1P:native-messaging/op-nm-installer/src/nix_utils.rs:48] Creating manifest directory for Chromium at /home/$USER/.config/chromium/NativeMessagingHosts
INFO  2023-02-11T08:38:40.221 op_executor:invocation_loop(ThreadId(21)) [1P:native-messaging/op-nm-installer/src/nix_utils.rs:68] Created NMH manifest at /home/$USER/.config/chromium/NativeMessagingHosts/com.1password.1password.json
INFO  2023-02-11T08:38:40.221 op_executor:invocation_loop(ThreadId(21)) [1P:native-messaging/op-nm-installer/src/nix_utils.rs:48] Creating manifest directory for Chromium at /home/$USER/.config/microsoft-edge-dev/NativeMessagingHosts
INFO  2023-02-11T08:38:40.221 op_executor:invocation_loop(ThreadId(21)) [1P:native-messaging/op-nm-installer/src/nix_utils.rs:68] Created NMH manifest at /home/$USER/.config/microsoft-edge-dev/NativeMessagingHosts/com.1password.1password.json
INFO  2023-02-11T08:38:40.221 op_executor:invocation_loop(ThreadId(21)) [1P:native-messaging/op-nm-installer/src/nix_utils.rs:48] Creating manifest directory for Chromium at /home/$USER/.config/BraveSoftware/Brave-Browser/NativeMessagingHosts
INFO  2023-02-11T08:38:40.222 op_executor:invocation_loop(ThreadId(21)) [1P:native-messaging/op-nm-installer/src/nix_utils.rs:68] Created NMH manifest at /home/$USER/.config/BraveSoftware/Brave-Browser/NativeMessagingHosts/com.1password.1password.json
INFO  2023-02-11T08:38:40.222 op_executor:invocation_loop(ThreadId(21)) [1P:native-messaging/op-nm-installer/src/nix_utils.rs:48] Creating manifest directory for Chromium at /home/$USER/.config/vivaldi/NativeMessagingHosts
INFO  2023-02-11T08:38:40.222 op_executor:invocation_loop(ThreadId(21)) [1P:native-messaging/op-nm-installer/src/nix_utils.rs:68] Created NMH manifest at /home/$USER/.config/vivaldi/NativeMessagingHosts/com.1password.1password.json
INFO  2023-02-11T08:38:40.222 op_executor:invocation_loop(ThreadId(21)) [1P:native-messaging/op-nm-installer/src/nix_utils.rs:48] Creating manifest directory for Chromium at /home/$USER/.config/vivaldi-snapshot/NativeMessagingHosts
INFO  2023-02-11T08:38:40.222 op_executor:invocation_loop(ThreadId(21)) [1P:native-messaging/op-nm-installer/src/nix_utils.rs:68] Created NMH manifest at /home/$USER/.config/vivaldi-snapshot/NativeMessagingHosts/com.1password.1password.json
INFO  2023-02-11T08:38:40.222 op_executor:invocation_loop(ThreadId(21)) [1P:native-messaging/op-nm-installer/src/nix_utils.rs:48] Creating manifest directory for Firefox at /home/$USER/.mozilla/native-messaging-hosts
INFO  2023-02-11T08:38:40.222 op_executor:invocation_loop(ThreadId(21)) [1P:native-messaging/op-nm-installer/src/nix_utils.rs:68] Created NMH manifest at /home/$USER/.mozilla/native-messaging-hosts/com.1password.1password.json
INFO  2023-02-11T08:38:40.222 op_executor:invocation_loop(ThreadId(21)) [1P:native-messaging/op-nm-installer/src/nix_utils.rs:83] Successfully installed all native messaging manifests.
INFO  2023-02-11T08:38:40.225 tokio-runtime-worker(ThreadId(2)) [1P:op-settings/src/store/json_store.rs:117] Settings file "/home/$USER/.config/1Password/settings/settings.json" missing, using defaults.
INFO  2023-02-11T08:38:43.625 op_executor:invocation_loop(ThreadId(21)) [1P:op-app/src/app/backend/frontend.rs:27] Front end event: window closed
INFO  2023-02-11T08:38:43.626 op_executor:invocation_loop(ThreadId(21)) [1P:op-app/src/app/backend/frontend.rs:64] Front end event: app will quit
