INFO  2023-02-11T13:05:05.630 ThreadId(14) [client:typescript] Client starting.
INFO  2023-02-11T13:05:05.818 tokio-runtime-worker(ThreadId(10)) [1P:native-messaging/op-native-core-integration/src/lib.rs:281] Starting IPC listener on 1Password-BrowserSupport
INFO  2023-02-11T13:05:05.819 tokio-runtime-worker(ThreadId(10)) [1P:native-messaging/op-native-core-integration/src/lib.rs:293] Active native core integration is awaiting messages
INFO  2023-02-11T13:05:05.819 ThreadId(14) [1P:op-localization/src/lib.rs:248] system locale detected as 'en-GB'
INFO  2023-02-11T13:05:05.820 ThreadId(14) [1P:op-localization/src/lib.rs:274] selected translations for EN_US based on detected locale en-GB
INFO  2023-02-11T13:05:05.820 ThreadId(14) [status:op-app/src/app.rs:409] App::new(1Password for Linux/80914009 (EN_US), /home/$USER/.config/1Password/1password.sqlite)
INFO  2023-02-11T13:05:05.829 ThreadId(14) [1P:op-db/src/db.rs:121] Starting DB at version: 26
ERROR 2023-02-11T13:05:05.841 ThreadId(14) [1P:ssh/op-ssh-config/src/lib.rs:153] Could not open ssh config file in ~/.ssh/config
ERROR 2023-02-11T13:05:05.841 ThreadId(14) [1P:ffi/op-core-node/src/lib.rs:65] Attempted to notify uninitialized App
ERROR 2023-02-11T13:05:05.841 ThreadId(14) [1P:ffi/op-core-node/src/lib.rs:65] Attempted to notify uninitialized App
ERROR 2023-02-11T13:05:05.842 ThreadId(14) [1P:/builds/dev/core/core/ssh/op-ssh-config/src/lib.rs:140] Failed to start ssh config file watcher: Io(Os { code: 2, kind: NotFound, message: "No such file or directory" })
INFO  2023-02-11T13:05:05.846 op_executor:invocation_loop(ThreadId(21)) [1P:native-messaging/op-nm-installer/src/nix_utils.rs:68] Created NMH manifest at /home/$USER/.config/google-chrome/NativeMessagingHosts/com.1password.1password.json
INFO  2023-02-11T13:05:05.846 op_executor:invocation_loop(ThreadId(21)) [1P:native-messaging/op-nm-installer/src/nix_utils.rs:68] Created NMH manifest at /home/$USER/.config/google-chrome-beta/NativeMessagingHosts/com.1password.1password.json
INFO  2023-02-11T13:05:05.847 op_executor:invocation_loop(ThreadId(21)) [1P:native-messaging/op-nm-installer/src/nix_utils.rs:68] Created NMH manifest at /home/$USER/.config/google-chrome-unstable/NativeMessagingHosts/com.1password.1password.json
INFO  2023-02-11T13:05:05.847 op_executor:invocation_loop(ThreadId(21)) [1P:native-messaging/op-nm-installer/src/nix_utils.rs:68] Created NMH manifest at /home/$USER/.config/chromium/NativeMessagingHosts/com.1password.1password.json
INFO  2023-02-11T13:05:05.847 op_executor:invocation_loop(ThreadId(21)) [1P:native-messaging/op-nm-installer/src/nix_utils.rs:68] Created NMH manifest at /home/$USER/.config/microsoft-edge-dev/NativeMessagingHosts/com.1password.1password.json
INFO  2023-02-11T13:05:05.847 op_executor:invocation_loop(ThreadId(21)) [1P:native-messaging/op-nm-installer/src/nix_utils.rs:68] Created NMH manifest at /home/$USER/.config/BraveSoftware/Brave-Browser/NativeMessagingHosts/com.1password.1password.json
INFO  2023-02-11T13:05:05.847 op_executor:invocation_loop(ThreadId(21)) [1P:native-messaging/op-nm-installer/src/nix_utils.rs:68] Created NMH manifest at /home/$USER/.config/vivaldi/NativeMessagingHosts/com.1password.1password.json
INFO  2023-02-11T13:05:05.847 op_executor:invocation_loop(ThreadId(21)) [1P:native-messaging/op-nm-installer/src/nix_utils.rs:68] Created NMH manifest at /home/$USER/.config/vivaldi-snapshot/NativeMessagingHosts/com.1password.1password.json
INFO  2023-02-11T13:05:05.847 op_executor:invocation_loop(ThreadId(21)) [1P:native-messaging/op-nm-installer/src/nix_utils.rs:68] Created NMH manifest at /home/$USER/.mozilla/native-messaging-hosts/com.1password.1password.json
INFO  2023-02-11T13:05:05.847 op_executor:invocation_loop(ThreadId(21)) [1P:native-messaging/op-nm-installer/src/nix_utils.rs:83] Successfully installed all native messaging manifests.
INFO  2023-02-11T13:05:05.866 tokio-runtime-worker(ThreadId(6)) [1P:native-messaging/op-native-core-integration/src/lib.rs:305] Extension connecting.
INFO  2023-02-11T13:05:05.866 tokio-runtime-worker(ThreadId(6)) [1P:native-messaging/op-native-core-integration/src/lib.rs:307] Extension connection accepted.
INFO  2023-02-11T13:05:06.157 tokio-runtime-worker(ThreadId(1)) [1P:op-app/src/app/backend/unlock.rs:258] System unlock was attempted but we cannot use it.
INFO  2023-02-11T13:05:06.158 tokio-runtime-worker(ThreadId(5)) [1P:op-app/src/app/backend/unlock.rs:258] System unlock was attempted but we cannot use it.
ERROR 2023-02-11T13:05:06.158 ThreadId(14) [client:typescript] Response is of wrong type ("SystemUnlockResponse" expecting "SystemUnlock"), the app may misbehave.
ERROR 2023-02-11T13:05:06.158 ThreadId(14) [client:typescript] Response is of wrong type ("SystemUnlockResponse" expecting "SystemUnlock"), the app may misbehave.
INFO  2023-02-11T13:05:09.922 tokio-runtime-worker(ThreadId(5)) [1P:data/op-account-ext-items/src/lib.rs:181] loaded 54 items in 3 vaults for account: UTS5E7QZSVG4HHV2D5IXBCDVSQ
ERROR 2023-02-11T13:05:09.923 op_executor:invocation_loop(ThreadId(21)) [1P:op-auto-lock/src/linux.rs:206] Could not connect to the X server: XcbEventError
INFO  2023-02-11T13:05:09.923 op_executor:invocation_loop(ThreadId(21)) [1P:op-app/src/app/backend/unlock.rs:110] Lock state changed: Unlocked
INFO  2023-02-11T13:05:09.929 op_executor:invocation_loop(ThreadId(21)) [1P:op-app/src/app/backend/frontend.rs:27] Front end event: window closed
INFO  2023-02-11T13:05:11.252 tokio-runtime-worker(ThreadId(11)) [1P:op-syncer/src/sync_job.rs:290] synced account UTS5E7QZSVG4HHV2D5IXBCDVSQ (0.347448055s)
INFO  2023-02-11T13:05:11.253 tokio-runtime-worker(ThreadId(11)) [1P:data/op-file-transfer/src/lib.rs:564] find_and_complete_pending_uploads: 'UTS5E7QZSVG4HHV2D5IXBCDVSQ'
INFO  2023-02-11T13:05:11.321 tokio-runtime-worker(ThreadId(6)) [1P:data/op-account-ext-syncer/src/lib.rs:229] The B5 Notifier for (UTS5E7QZSVG4HHV2D5IXBCDVSQ) has connected, now monitoring for events.
