INFO  2023-02-11T08:38:48.770 ThreadId(14) [client:typescript] Client starting.
INFO  2023-02-11T08:38:48.844 tokio-runtime-worker(ThreadId(11)) [1P:native-messaging/op-native-core-integration/src/lib.rs:281] Starting IPC listener on 1Password-BrowserSupport
INFO  2023-02-11T08:38:48.844 ThreadId(14) [1P:op-localization/src/lib.rs:248] system locale detected as 'en-GB'
INFO  2023-02-11T08:38:48.844 ThreadId(14) [1P:op-localization/src/lib.rs:274] selected translations for EN_US based on detected locale en-GB
INFO  2023-02-11T08:38:48.844 ThreadId(14) [status:op-app/src/app.rs:409] App::new(1Password for Linux/80914009 (EN_US), /home/$USER/.config/1Password/1password.sqlite)
INFO  2023-02-11T08:38:48.844 tokio-runtime-worker(ThreadId(11)) [1P:native-messaging/op-native-core-integration/src/lib.rs:293] Active native core integration is awaiting messages
INFO  2023-02-11T08:38:48.844 ThreadId(14) [1P:op-db/src/db.rs:121] Starting DB at version: 26
ERROR 2023-02-11T08:38:48.845 ThreadId(14) [1P:ssh/op-ssh-config/src/lib.rs:153] Could not open ssh config file in ~/.ssh/config
ERROR 2023-02-11T08:38:48.845 ThreadId(14) [1P:ffi/op-core-node/src/lib.rs:65] Attempted to notify uninitialized App
ERROR 2023-02-11T08:38:48.845 ThreadId(14) [1P:ffi/op-core-node/src/lib.rs:65] Attempted to notify uninitialized App
ERROR 2023-02-11T08:38:48.845 ThreadId(14) [1P:/builds/dev/core/core/ssh/op-ssh-config/src/lib.rs:140] Failed to start ssh config file watcher: Io(Os { code: 2, kind: NotFound, message: "No such file or directory" })
INFO  2023-02-11T08:38:48.846 op_executor:invocation_loop(ThreadId(21)) [1P:native-messaging/op-nm-installer/src/nix_utils.rs:68] Created NMH manifest at /home/$USER/.config/google-chrome/NativeMessagingHosts/com.1password.1password.json
INFO  2023-02-11T08:38:48.846 op_executor:invocation_loop(ThreadId(21)) [1P:native-messaging/op-nm-installer/src/nix_utils.rs:68] Created NMH manifest at /home/$USER/.config/google-chrome-beta/NativeMessagingHosts/com.1password.1password.json
INFO  2023-02-11T08:38:48.846 op_executor:invocation_loop(ThreadId(21)) [1P:native-messaging/op-nm-installer/src/nix_utils.rs:68] Created NMH manifest at /home/$USER/.config/google-chrome-unstable/NativeMessagingHosts/com.1password.1password.json
INFO  2023-02-11T08:38:48.846 op_executor:invocation_loop(ThreadId(21)) [1P:native-messaging/op-nm-installer/src/nix_utils.rs:68] Created NMH manifest at /home/$USER/.config/chromium/NativeMessagingHosts/com.1password.1password.json
INFO  2023-02-11T08:38:48.846 op_executor:invocation_loop(ThreadId(21)) [1P:native-messaging/op-nm-installer/src/nix_utils.rs:68] Created NMH manifest at /home/$USER/.config/microsoft-edge-dev/NativeMessagingHosts/com.1password.1password.json
INFO  2023-02-11T08:38:48.846 op_executor:invocation_loop(ThreadId(21)) [1P:native-messaging/op-nm-installer/src/nix_utils.rs:68] Created NMH manifest at /home/$USER/.config/BraveSoftware/Brave-Browser/NativeMessagingHosts/com.1password.1password.json
INFO  2023-02-11T08:38:48.846 op_executor:invocation_loop(ThreadId(21)) [1P:native-messaging/op-nm-installer/src/nix_utils.rs:68] Created NMH manifest at /home/$USER/.config/vivaldi/NativeMessagingHosts/com.1password.1password.json
INFO  2023-02-11T08:38:48.846 op_executor:invocation_loop(ThreadId(21)) [1P:native-messaging/op-nm-installer/src/nix_utils.rs:68] Created NMH manifest at /home/$USER/.config/vivaldi-snapshot/NativeMessagingHosts/com.1password.1password.json
INFO  2023-02-11T08:38:48.846 op_executor:invocation_loop(ThreadId(21)) [1P:native-messaging/op-nm-installer/src/nix_utils.rs:68] Created NMH manifest at /home/$USER/.mozilla/native-messaging-hosts/com.1password.1password.json
INFO  2023-02-11T08:38:48.846 op_executor:invocation_loop(ThreadId(21)) [1P:native-messaging/op-nm-installer/src/nix_utils.rs:83] Successfully installed all native messaging manifests.
INFO  2023-02-11T08:39:10.777 tokio-runtime-worker(ThreadId(1)) [1P:op-app/src/app/backend/signin.rs:659] cancelling a sign in session
ERROR 2023-02-11T08:39:25.042 ThreadId(14) [client:typescript] Response is of wrong type ("ShowManualSignIn" expecting "ShowManualSignInView"), the app may misbehave.
ERROR 2023-02-11T08:39:27.321 ThreadId(14) [client:typescript] Response is of wrong type ("ShowManualSignIn" expecting "ShowManualSignInView"), the app may misbehave.
ERROR 2023-02-11T08:39:29.209 ThreadId(14) [client:typescript] Response is of wrong type ("ShowManualSignIn" expecting "ShowManualSignInView"), the app may misbehave.
ERROR 2023-02-11T08:39:29.466 ThreadId(14) [client:typescript] Response is of wrong type ("ShowManualSignIn" expecting "ShowManualSignInView"), the app may misbehave.
ERROR 2023-02-11T08:39:30.009 ThreadId(14) [client:typescript] Response is of wrong type ("ShowManualSignIn" expecting "ShowManualSignInView"), the app may misbehave.
ERROR 2023-02-11T08:39:31.437 ThreadId(14) [client:typescript] Response is of wrong type ("ShowManualSignIn" expecting "ShowManualSignInView"), the app may misbehave.
ERROR 2023-02-11T08:39:36.081 ThreadId(14) [client:typescript] Response is of wrong type ("ShowManualSignIn" expecting "ShowManualSignInView"), the app may misbehave.
ERROR 2023-02-11T08:39:37.641 ThreadId(14) [client:typescript] Response is of wrong type ("ShowManualSignIn" expecting "ShowManualSignInView"), the app may misbehave.
ERROR 2023-02-11T08:39:38.337 ThreadId(14) [client:typescript] Response is of wrong type ("ShowManualSignIn" expecting "ShowManualSignInView"), the app may misbehave.
ERROR 2023-02-11T08:39:38.641 ThreadId(14) [client:typescript] Response is of wrong type ("ShowManualSignIn" expecting "ShowManualSignInView"), the app may misbehave.
ERROR 2023-02-11T08:39:39.361 ThreadId(14) [client:typescript] Response is of wrong type ("ShowManualSignIn" expecting "ShowManualSignInView"), the app may misbehave.
ERROR 2023-02-11T08:39:39.906 ThreadId(14) [client:typescript] Response is of wrong type ("ShowManualSignIn" expecting "ShowManualSignInView"), the app may misbehave.
ERROR 2023-02-11T08:39:40.937 ThreadId(14) [client:typescript] Response is of wrong type ("ShowManualSignIn" expecting "ShowManualSignInView"), the app may misbehave.
ERROR 2023-02-11T08:40:11.245 ThreadId(14) [client:typescript] Response is of wrong type ("ShowManualSignIn" expecting "ShowManualSignInView"), the app may misbehave.
ERROR 2023-02-11T08:40:11.641 ThreadId(14) [client:typescript] Response is of wrong type ("ShowManualSignIn" expecting "ShowManualSignInView"), the app may misbehave.
ERROR 2023-02-11T08:40:14.095 ThreadId(14) [client:typescript] Response is of wrong type ("ShowManualSignIn" expecting "ShowManualSignInView"), the app may misbehave.
ERROR 2023-02-11T08:40:15.571 ThreadId(14) [client:typescript] Response is of wrong type ("ShowManualSignIn" expecting "ShowManualSignInView"), the app may misbehave.
ERROR 2023-02-11T08:40:18.090 ThreadId(14) [client:typescript] Response is of wrong type ("ShowManualSignIn" expecting "ShowManualSignInView"), the app may misbehave.
ERROR 2023-02-11T08:40:18.930 ThreadId(14) [client:typescript] Response is of wrong type ("ShowManualSignIn" expecting "ShowManualSignInView"), the app may misbehave.
ERROR 2023-02-11T08:40:19.217 ThreadId(14) [client:typescript] Response is of wrong type ("ShowManualSignIn" expecting "ShowManualSignInView"), the app may misbehave.
ERROR 2023-02-11T08:40:20.266 ThreadId(14) [client:typescript] Response is of wrong type ("ShowManualSignIn" expecting "ShowManualSignInView"), the app may misbehave.
ERROR 2023-02-11T08:40:21.209 ThreadId(14) [client:typescript] Response is of wrong type ("ShowManualSignIn" expecting "ShowManualSignInView"), the app may misbehave.
ERROR 2023-02-11T08:40:21.866 ThreadId(14) [client:typescript] Response is of wrong type ("ShowManualSignIn" expecting "ShowManualSignInView"), the app may misbehave.
ERROR 2023-02-11T08:40:22.338 ThreadId(14) [client:typescript] Response is of wrong type ("ShowManualSignIn" expecting "ShowManualSignInView"), the app may misbehave.
ERROR 2023-02-11T08:40:23.137 ThreadId(14) [client:typescript] Response is of wrong type ("ShowManualSignIn" expecting "ShowManualSignInView"), the app may misbehave.
ERROR 2023-02-11T08:40:26.058 ThreadId(14) [client:typescript] Response is of wrong type ("ShowManualSignIn" expecting "ShowManualSignInView"), the app may misbehave.
ERROR 2023-02-11T08:40:26.481 ThreadId(14) [client:typescript] Response is of wrong type ("ShowManualSignIn" expecting "ShowManualSignInView"), the app may misbehave.
ERROR 2023-02-11T08:40:27.002 ThreadId(14) [client:typescript] Response is of wrong type ("ShowManualSignIn" expecting "ShowManualSignInView"), the app may misbehave.
ERROR 2023-02-11T08:40:28.705 ThreadId(14) [client:typescript] Response is of wrong type ("ShowManualSignIn" expecting "ShowManualSignInView"), the app may misbehave.
ERROR 2023-02-11T08:40:29.066 ThreadId(14) [client:typescript] Response is of wrong type ("ShowManualSignIn" expecting "ShowManualSignInView"), the app may misbehave.
ERROR 2023-02-11T08:40:30.642 ThreadId(14) [client:typescript] Response is of wrong type ("ShowManualSignIn" expecting "ShowManualSignInView"), the app may misbehave.
ERROR 2023-02-11T08:40:30.986 ThreadId(14) [client:typescript] Response is of wrong type ("ShowManualSignIn" expecting "ShowManualSignInView"), the app may misbehave.
ERROR 2023-02-11T08:40:32.346 ThreadId(14) [client:typescript] Response is of wrong type ("ShowManualSignIn" expecting "ShowManualSignInView"), the app may misbehave.
ERROR 2023-02-11T08:40:32.665 ThreadId(14) [client:typescript] Response is of wrong type ("ShowManualSignIn" expecting "ShowManualSignInView"), the app may misbehave.
ERROR 2023-02-11T08:40:33.291 ThreadId(14) [client:typescript] Response is of wrong type ("ShowManualSignIn" expecting "ShowManualSignInView"), the app may misbehave.
ERROR 2023-02-11T08:40:34.242 ThreadId(14) [client:typescript] Response is of wrong type ("ShowManualSignIn" expecting "ShowManualSignInView"), the app may misbehave.
ERROR 2023-02-11T08:40:34.786 ThreadId(14) [client:typescript] Response is of wrong type ("ShowManualSignIn" expecting "ShowManualSignInView"), the app may misbehave.
ERROR 2023-02-11T08:40:35.194 ThreadId(14) [client:typescript] Response is of wrong type ("ShowManualSignIn" expecting "ShowManualSignInView"), the app may misbehave.
ERROR 2023-02-11T08:40:36.370 ThreadId(14) [client:typescript] Response is of wrong type ("ShowManualSignIn" expecting "ShowManualSignInView"), the app may misbehave.
ERROR 2023-02-11T08:40:36.579 ThreadId(14) [client:typescript] Response is of wrong type ("ShowManualSignIn" expecting "ShowManualSignInView"), the app may misbehave.
ERROR 2023-02-11T08:40:36.865 ThreadId(14) [client:typescript] Response is of wrong type ("ShowManualSignIn" expecting "ShowManualSignInView"), the app may misbehave.
ERROR 2023-02-11T08:40:38.018 ThreadId(14) [client:typescript] Response is of wrong type ("ShowManualSignIn" expecting "ShowManualSignInView"), the app may misbehave.
ERROR 2023-02-11T08:40:38.482 ThreadId(14) [client:typescript] Response is of wrong type ("ShowManualSignIn" expecting "ShowManualSignInView"), the app may misbehave.
ERROR 2023-02-11T08:40:38.714 ThreadId(14) [client:typescript] Response is of wrong type ("ShowManualSignIn" expecting "ShowManualSignInView"), the app may misbehave.
ERROR 2023-02-11T08:40:40.090 ThreadId(14) [client:typescript] Response is of wrong type ("ShowManualSignIn" expecting "ShowManualSignInView"), the app may misbehave.
ERROR 2023-02-11T08:40:40.322 ThreadId(14) [client:typescript] Response is of wrong type ("ShowManualSignIn" expecting "ShowManualSignInView"), the app may misbehave.
ERROR 2023-02-11T08:40:40.754 ThreadId(14) [client:typescript] Response is of wrong type ("ShowManualSignIn" expecting "ShowManualSignInView"), the app may misbehave.
ERROR 2023-02-11T08:40:41.570 ThreadId(14) [client:typescript] Response is of wrong type ("ShowManualSignIn" expecting "ShowManualSignInView"), the app may misbehave.
ERROR 2023-02-11T08:40:42.170 ThreadId(14) [client:typescript] Response is of wrong type ("ShowManualSignIn" expecting "ShowManualSignInView"), the app may misbehave.
ERROR 2023-02-11T08:40:43.163 ThreadId(14) [client:typescript] Response is of wrong type ("ShowManualSignIn" expecting "ShowManualSignInView"), the app may misbehave.
ERROR 2023-02-11T08:40:44.706 ThreadId(14) [client:typescript] Response is of wrong type ("ShowManualSignIn" expecting "ShowManualSignInView"), the app may misbehave.
ERROR 2023-02-11T08:40:45.138 ThreadId(14) [client:typescript] Response is of wrong type ("ShowManualSignIn" expecting "ShowManualSignInView"), the app may misbehave.
ERROR 2023-02-11T08:40:45.562 ThreadId(14) [client:typescript] Response is of wrong type ("ShowManualSignIn" expecting "ShowManualSignInView"), the app may misbehave.
INFO  2023-02-11T08:40:47.755 tokio-runtime-worker(ThreadId(11)) [1P:op-b5-client/src/internal/unauthorized_session.rs:684] Registered device lqyodibq52amtvzjnsyae7zxv4
INFO  2023-02-11T08:40:48.253 tokio-runtime-worker(ThreadId(5)) [1P:data/op-add-account/src/first_sync.rs:295] starting initial account sync
INFO  2023-02-11T08:40:49.306 tokio-runtime-worker(ThreadId(5)) [1P:op-syncer/src/sync_job.rs:290] synced account UTS5E7QZSVG4HHV2D5IXBCDVSQ (1.05271677s)
INFO  2023-02-11T08:40:49.343 tokio-runtime-worker(ThreadId(9)) [1P:data/op-account-ext-items/src/lib.rs:181] loaded 0 items in 3 vaults for account: UTS5E7QZSVG4HHV2D5IXBCDVSQ
INFO  2023-02-11T08:40:49.344 tokio-runtime-worker(ThreadId(5)) [1P:op-app/src/app/backend/load.rs:199] starting refresher task during initial account sign-in
ERROR 2023-02-11T08:40:49.344 op_executor:invocation_loop(ThreadId(21)) [1P:op-auto-lock/src/linux.rs:206] Could not connect to the X server: XcbEventError
INFO  2023-02-11T08:40:49.344 op_executor:invocation_loop(ThreadId(21)) [1P:op-app/src/app/backend/unlock.rs:110] Lock state changed: Unlocked
INFO  2023-02-11T08:40:49.344 op_executor:invocation_loop(ThreadId(21)) [1P:data/op-account-ext-settings-authentication/src/lib.rs:202] No and/or corrupt account setting authentication key, generating a new one.
INFO  2023-02-11T08:40:49.344 op_executor:invocation_loop(ThreadId(21)) [1P:data/op-account-ext-settings-authentication/src/lib.rs:215] Applying existing setting authentication key to account.
INFO  2023-02-11T08:40:49.345 tokio-runtime-worker(ThreadId(5)) [1P:op-app/src/app/backend/load.rs:208] refreshing ui for pending sign-in
INFO  2023-02-11T08:40:49.525 tokio-runtime-worker(ThreadId(11)) [1P:op-app/src/app/backend/signin.rs:659] cancelling a sign in session
INFO  2023-02-11T08:40:49.733 tokio-runtime-worker(ThreadId(10)) [1P:data/op-account-ext-syncer/src/lib.rs:229] The B5 Notifier for (UTS5E7QZSVG4HHV2D5IXBCDVSQ) has connected, now monitoring for events.
INFO  2023-02-11T08:40:50.261 tokio-runtime-worker(ThreadId(10)) [1P:op-syncer/src/sync_job.rs:290] synced account UTS5E7QZSVG4HHV2D5IXBCDVSQ (0.917450072s)
INFO  2023-02-11T08:40:50.261 tokio-runtime-worker(ThreadId(5)) [1P:data/op-file-transfer/src/lib.rs:564] find_and_complete_pending_uploads: 'UTS5E7QZSVG4HHV2D5IXBCDVSQ'
INFO  2023-02-11T08:40:50.262 tokio-runtime-worker(ThreadId(5)) [1P:op-app/src/app/backend/load.rs:213] shutting down refresher task
INFO  2023-02-11T08:40:50.369 tokio-runtime-worker(ThreadId(2)) [1P:op-syncer/src/sync_job.rs:290] synced account UTS5E7QZSVG4HHV2D5IXBCDVSQ (0.107480488s)
INFO  2023-02-11T08:40:56.692 ThreadId(14) [client:typescript] Settings file changed.
INFO  2023-02-11T08:41:07.555 tokio-runtime-worker(ThreadId(10)) [1P:native-messaging/op-native-core-integration/src/lib.rs:305] Extension connecting.
INFO  2023-02-11T08:41:07.555 tokio-runtime-worker(ThreadId(10)) [1P:native-messaging/op-native-core-integration/src/lib.rs:307] Extension connection accepted.
INFO  2023-02-11T08:42:15.746 op_executor:invocation_loop(ThreadId(21)) [1P:op-app/src/app/backend/frontend.rs:27] Front end event: window closed
